🚀 Dashboard 服务已启动: http://localhost:19000
📊 看板: http://localhost:19000/
🏢 Star Office: http://localhost:19000/star
📡 SSE 端点: http://localhost:19000/api/stream
[EvoMap] 获取成功 (尝试 1)
arting Dashboard service...
[Mon Mar 30 13:34:06 CST 2026] Server started with PID 2563
node:events:486
      throw er; // Unhandled 'error' event
      ^

Error: listen EADDRINUSE: address already in use :::19000
    at Server.setupListenHandle [as _listen2] (node:net:1948:16)
    at listenInCluster (node:net:2005:12)
    at Server.listen (node:net:2110:7)
    at Object.<anonymous> (/home/root/.openclaw/workspace/skills/dashboard-service/scripts/server.js:703:8)
    at Module._compile (node:internal/modules/cjs/loader:1812:14)
    at Object..js (node:internal/modules/cjs/loader:1943:10)
    at Module.load (node:internal/modules/cjs/loader:1533:32)
    at Module._load (node:internal/modules/cjs/loader:1335:12)
    at wrapModuleLoad (node:internal/modules/cjs/loader:255:19)
    at Module.executeUserEntryPoint [as runMain] (node:internal/modules/run_main:154:5)
Emitted 'error' event on Server instance at:
    at emitErrorNT (node:net:1984:8)
    at process.processTicksAndRejections (node:internal/process/task_queues:90:21) {
  code: 'EADDRINUSE',
  errno: -98,
  syscall: 'listen',
  address: '::',
  port: 19000
}

Node.js v24.14.0
[Mon Mar 30 13:36:12 CST 2026] Starting Dashboard service...
[Mon Mar 30 13:36:12 CST 2026] Server started with PID 2630
node:events:486
      throw er; // Unhandled 'error' event
      ^

Error: listen EADDRINUSE: address already in use :::19000
    at Server.setupListenHandle [as _listen2] (node:net:1948:16)
    at listenInCluster (node:net:2005:12)
    at Server.listen (node:net:2110:7)
    at Object.<anonymous> (/home/root/.openclaw/workspace/skills/dashboard-service/scripts/server.js:703:8)
    at Module._compile (node:internal/modules/cjs/loader:1812:14)
    at Object..js (node:internal/modules/cjs/loader:1943:10)
    at Module.load (node:internal/modules/cjs/loader:1533:32)
    at Module._load (node:internal/modules/cjs/loader:1335:12)
    at wrapModuleLoad (node:internal/modules/cjs/loader:255:19)
    at Module.executeUserEntryPoint [as runMain] (node:internal/modules/run_main:154:5)
Emitted 'error' event on Server instance at:
    at emitErrorNT (node:net:1984:8)
    at process.processTicksAndRejections (node:internal/process/task_queues:90:21) {
  code: 'EADDRINUSE',
  errno: -98,
  syscall: 'listen',
  address: '::',
  port: 19000
}

Node.js v24.14.0
[Mon Mar 30 14:41:23 CST 2026] Starting Dashboard service...
[Mon Mar 30 14:41:23 CST 2026] Server started with PID 3815
node:events:486
      throw er; // Unhandled 'error' event
      ^

Error: listen EADDRINUSE: address already in use :::19000
    at Server.setupListenHandle [as _listen2] (node:net:1948:16)
    at listenInCluster (node:net:2005:12)
    at Server.listen (node:net:2110:7)
    at Object.<anonymous> (/home/root/.openclaw/workspace/skills/dashboard-service/scripts/server.js:703:8)
    at Module._compile (node:internal/modules/cjs/loader:1812:14)
    at Object..js (node:internal/modules/cjs/loader:1943:10)
    at Module.load (node:internal/modules/cjs/loader:1533:32)
    at Module._load (node:internal/modules/cjs/loader:1335:12)
    at wrapModuleLoad (node:internal/modules/cjs/loader:255:19)
    at Module.executeUserEntryPoint [as runMain] (node:internal/modules/run_main:154:5)
Emitted 'error' event on Server instance at:
    at emitErrorNT (node:net:1984:8)
    at process.processTicksAndRejections (node:internal/process/task_queues:90:21) {
  code: 'EADDRINUSE',
  errno: -98,
  syscall: 'listen',
  address: '::',
  port: 19000
}

Node.js v24.14.0
